<?xml version="1.0" encoding="UTF-8"?>
<!-- Generated by org.testng.reporters.JUnitReportReporter -->
<testsuite skipped="0" hostname="LAPTOP-VPRT9U7G" name="com.relestate.assignmenttestcases.tests.DeletePropertyTest" tests="1" failures="0" timestamp="17 Oct 2020 16:25:52 GMT" time="94.317" errors="0">
  <testcase name="restoreProperty" time="94.317" classname="com.relestate.assignmenttestcases.tests.DeletePropertyTest"/>
</testsuite> <!-- com.relestate.assignmenttestcases.tests.DeletePropertyTest -->
