<?xml version="1.0" encoding="UTF-8"?>
<!-- Generated by org.testng.reporters.JUnitReportReporter -->
<testsuite hostname="LAPTOP-VPRT9U7G" failures="0" tests="1" name="com.realestate.sanity.tests.DeletePropertyTestsRETC_52" time="85.181" errors="0" timestamp="18 Oct 2020 12:53:04 GMT" skipped="0">
  <testcase classname="com.realestate.sanity.tests.DeletePropertyTestsRETC_52" name="deleteProperty" time="85.181"/>
</testsuite> <!-- com.realestate.sanity.tests.DeletePropertyTestsRETC_52 -->
