<?xml version="1.0" encoding="UTF-8"?>
<!-- Generated by org.testng.reporters.JUnitReportReporter -->
<testsuite hostname="LAPTOP-VPRT9U7G" failures="0" tests="3" name="com.realestate.sanity.tests.TestCases" time="234.140" errors="0" timestamp="18 Oct 2020 13:16:23 GMT" skipped="0">
  <testcase classname="com.realestate.sanity.tests.TestCases" name="deleteProperty" time="83.625"/>
  <testcase classname="com.realestate.sanity.tests.TestCases" name="restoreProperty" time="86.413"/>
  <testcase classname="com.realestate.sanity.tests.TestCases" name="viewAndReplyToComment" time="64.102"/>
</testsuite> <!-- com.realestate.sanity.tests.TestCases -->
