<?xml version="1.0" encoding="UTF-8"?>
<!-- Generated by org.testng.reporters.JUnitReportReporter -->
<testsuite skipped="0" hostname="LAPTOP-VPRT9U7G" name="com.relestate.assignmenttestcases.tests.TestCases" tests="3" failures="0" timestamp="18 Oct 2020 10:29:20 GMT" time="183.355" errors="0">
  <testcase name="deleteProperty" time="54.727" classname="com.relestate.assignmenttestcases.tests.TestCases"/>
  <testcase name="restoreProperty" time="66.347" classname="com.relestate.assignmenttestcases.tests.TestCases"/>
  <testcase name="viewComment" time="62.281" classname="com.relestate.assignmenttestcases.tests.TestCases"/>
</testsuite> <!-- com.relestate.assignmenttestcases.tests.TestCases -->
