<?xml version="1.0" encoding="UTF-8"?>
<!-- Generated by org.testng.reporters.JUnitReportReporter -->
<testsuite hostname="LAPTOP-VPRT9U7G" failures="0" tests="1" name="com.realestate.regression.tests.LoginDBTest" time="0.000" errors="0" timestamp="18 Oct 2020 12:29:12 GMT" skipped="1">
  <testcase classname="com.realestate.regression.tests.LoginDBTest" name="loginDBTest" time="0.000">
    <skipped/>
  </testcase> <!-- loginDBTest -->
</testsuite> <!-- com.realestate.regression.tests.LoginDBTest -->
